12:36:30.792 - Timers : 0
12:37:01.012 - Starting saving user db.
12:37:01.013 - Saving user db finished. Modified 0 users.
12:37:33.402 - Ticked widgets for 1 minute : 0. Per second : 0, total time : 1 ms
12:38:01.011 - Starting saving user db.
12:38:01.012 - Saving user db finished. Modified 0 users.
12:38:33.401 - Ticked widgets for 1 minute : 0. Per second : 0, total time : 0 ms
12:39:01.011 - Starting saving user db.
12:39:01.012 - Saving user db finished. Modified 0 users.
12:39:33.401 - Ticked widgets for 1 minute : 0. Per second : 0, total time : 0 ms
12:40:01.011 - Starting saving user db.
12:40:01.012 - Saving user db finished. Modified 0 users.
12:40:33.401 - Ticked widgets for 1 minute : 0. Per second : 0, total time : 0 ms
12:41:01.011 - Starting saving user db.
12:41:01.012 - Saving user db finished. Modified 0 users.
12:41:33.401 - Ticked widgets for 1 minute : 0. Per second : 0, total time : 0 ms
12:42:01.011 - Starting saving user db.
12:42:01.012 - Saving user db finished. Modified 0 users.
12:42:33.402 - Ticked widgets for 1 minute : 0. Per second : 0, total time : 0 ms
12:43:01.011 - Starting saving user db.
12:43:01.012 - Saving user db finished. Modified 0 users.
12:43:33.401 - Ticked widgets for 1 minute : 0. Per second : 0, total time : 0 ms
12:44:01.012 - Starting saving user db.
12:44:01.013 - Saving user db finished. Modified 0 users.
12:44:33.401 - Ticked widgets for 1 minute : 0. Per second : 0, total time : 0 ms
12:45:01.011 - Starting saving user db.
12:45:01.012 - Saving user db finished. Modified 0 users.
12:45:33.401 - Ticked widgets for 1 minute : 0. Per second : 0, total time : 0 ms
12:46:01.011 - Starting saving user db.
12:46:01.012 - Saving user db finished. Modified 0 users.
12:46:33.401 - Ticked widgets for 1 minute : 0. Per second : 0, total time : 0 ms
12:47:01.011 - Starting saving user db.
12:47:01.017 - Saving user db finished. Modified 0 users.
12:47:33.401 - Ticked widgets for 1 minute : 0. Per second : 0, total time : 0 ms
12:48:01.011 - Starting saving user db.
12:48:01.012 - Saving user db finished. Modified 0 users.
12:48:33.401 - Ticked widgets for 1 minute : 0. Per second : 0, total time : 0 ms
12:49:01.011 - Starting saving user db.
12:49:01.011 - Saving user db finished. Modified 0 users.
12:49:33.401 - Ticked widgets for 1 minute : 0. Per second : 0, total time : 1 ms
12:50:01.011 - Starting saving user db.
12:50:01.011 - Saving user db finished. Modified 0 users.
12:50:33.401 - Ticked widgets for 1 minute : 0. Per second : 0, total time : 0 ms
12:51:01.011 - Starting saving user db.
12:51:01.011 - Saving user db finished. Modified 0 users.
12:51:33.401 - Ticked widgets for 1 minute : 0. Per second : 0, total time : 0 ms
12:52:01.011 - Starting saving user db.
12:52:01.011 - Saving user db finished. Modified 0 users.
12:52:33.401 - Ticked widgets for 1 minute : 0. Per second : 0, total time : 0 ms
12:53:01.011 - Starting saving user db.
12:53:01.011 - Saving user db finished. Modified 0 users.
12:53:33.401 - Ticked widgets for 1 minute : 0. Per second : 0, total time : 0 ms
12:54:01.011 - Starting saving user db.
12:54:01.011 - Saving user db finished. Modified 0 users.
12:54:33.401 - Ticked widgets for 1 minute : 0. Per second : 0, total time : 0 ms
12:55:01.011 - Starting saving user db.
12:55:01.011 - Saving user db finished. Modified 0 users.
12:55:33.401 - Ticked widgets for 1 minute : 0. Per second : 0, total time : 0 ms
12:56:01.011 - Starting saving user db.
12:56:01.011 - Saving user db finished. Modified 0 users.
12:56:33.401 - Ticked widgets for 1 minute : 0. Per second : 0, total time : 0 ms
12:57:01.011 - Starting saving user db.
12:57:01.012 - Saving user db finished. Modified 0 users.
12:57:33.401 - Ticked widgets for 1 minute : 0. Per second : 0, total time : 0 ms
12:58:01.011 - Starting saving user db.
12:58:01.011 - Saving user db finished. Modified 0 users.
12:58:33.401 - Ticked widgets for 1 minute : 0. Per second : 0, total time : 0 ms
12:59:01.011 - Starting saving user db.
12:59:01.011 - Saving user db finished. Modified 0 users.
12:59:33.40113:03:01.011 - Starting saving user db.
13:03:01.012 - Saving user db finished. Modified 0 users.
